<?xml version="1.0" encoding="UTF-8"?>
<testsuite xmlns:xsi="http://www.w3.org/2001/XMLSchema-instance" xsi:noNamespaceSchemaLocation="https://maven.apache.org/surefire/maven-surefire-plugin/xsd/surefire-test-report.xsd" name="tests.AccountSettingsTests" time="1.974" tests="1" errors="1" skipped="0" failures="0">
  <properties/>
  <testcase name="tests.AccountSettingsTests" classname="tests.AccountSettingsTests" time="1.974">
    <error message="Returned value cannot be converted to WebElement: {message=no such element: Unable to locate element: {&quot;method&quot;:&quot;css selector&quot;,&quot;selector&quot;:&quot;input[type=&quot;email&quot;]&quot;}&#10;  (Session info: chrome=66.0.3359.158)&#10;  (Driver info: chromedriver=2.38.552518 (183d19265345f54ce39cbb94cf81ba5f15905011),platform=Mac OS X 10.13.5 x86_64)}&#10;Build info: version: &apos;3.12.0&apos;, revision: &apos;7c6e0b3&apos;, time: &apos;2018-05-08T14:04:26.12Z&apos;&#10;System info: host: &apos;MBP-Eugeniya.lan&apos;, ip: &apos;fe80:0:0:0:1497:42c3:5ae5:a0df%en0&apos;, os.name: &apos;Mac OS X&apos;, os.arch: &apos;x86_64&apos;, os.version: &apos;10.13.5&apos;, java.version: &apos;1.8.0_131&apos;&#10;Driver info: driver.version: AndroidDriver" type="org.openqa.selenium.WebDriverException">org.openqa.selenium.WebDriverException: 
Returned value cannot be converted to WebElement: {message=no such element: Unable to locate element: {"method":"css selector","selector":"input[type="email"]"}
  (Session info: chrome=66.0.3359.158)
  (Driver info: chromedriver=2.38.552518 (183d19265345f54ce39cbb94cf81ba5f15905011),platform=Mac OS X 10.13.5 x86_64)}
Build info: version: '3.12.0', revision: '7c6e0b3', time: '2018-05-08T14:04:26.12Z'
System info: host: 'MBP-Eugeniya.lan', ip: 'fe80:0:0:0:1497:42c3:5ae5:a0df%en0', os.name: 'Mac OS X', os.arch: 'x86_64', os.version: '10.13.5', java.version: '1.8.0_131'
Driver info: driver.version: AndroidDriver
	at tests.AccountSettingsTests.preconditionSetUp(AccountSettingsTests.java:36)
Caused by: java.lang.ClassCastException: com.google.common.collect.Maps$TransformedEntriesMap cannot be cast to org.openqa.selenium.WebElement
	at tests.AccountSettingsTests.preconditionSetUp(AccountSettingsTests.java:36)
</error>
    <system-out><![CDATA[[HTTP] --> POST /wd/hub/session/8a7a99fa-5f49-4536-b380-a38221693898/url
[HTTP] {"url":"http://192.168.1.74:3000"}
[W3C] Driver proxy active, passing request on via HTTP proxy
[debug] [JSONWP Proxy] Proxying [POST /wd/hub/session/8a7a99fa-5f49-4536-b380-a38221693898/url] to [POST http://127.0.0.1:8002/wd/hub/session/596442884e2d80399876d7974cddba0c/url] with body: {"url":"http://192.168.1.74:3000"}
[debug] [JSONWP Proxy] Got response with status 200: {"sessionId":"596442884e2d80399876d7974cddba0c","status":0,"value":null}
[JSONWP Proxy] Replacing sessionId 596442884e2d80399876d7974cddba0c with 8a7a99fa-5f49-4536-b380-a38221693898
[HTTP] <-- POST /wd/hub/session/8a7a99fa-5f49-4536-b380-a38221693898/url 200 1710 ms - 76
[HTTP] 
[HTTP] --> POST /wd/hub/session/8a7a99fa-5f49-4536-b380-a38221693898/url
[HTTP] {"url":"http://192.168.1.74:3000signup/"}
[W3C] Driver proxy active, passing request on via HTTP proxy
[debug] [JSONWP Proxy] Proxying [POST /wd/hub/session/8a7a99fa-5f49-4536-b380-a38221693898/url] to [POST http://127.0.0.1:8002/wd/hub/session/596442884e2d80399876d7974cddba0c/url] with body: {"url":"http://192.168.1.74:3000signup/"}
[debug] [JSONWP Proxy] Got response with status 200: {"sessionId":"596442884e2d80399876d7974cddba0c","status":13,"value":{"message":"unknown error: unhandled inspector error: {\"code\":-32000,\"message\":\"Cannot navigate to invalid URL\"}\n  (Session info: chrome=66.0.3359.158)\n  (Driver info: chromedriver=2.38.552518 (183d19265345f54ce39cbb94cf81ba5f15905011),platform=Mac OS X 10.13.5 x86_64)"}}
[JSONWP Proxy] Replacing sessionId 596442884e2d80399876d7974cddba0c with 8a7a99fa-5f49-4536-b380-a38221693898
[HTTP] <-- POST /wd/hub/session/8a7a99fa-5f49-4536-b380-a38221693898/url 200 120 ms - 352
[HTTP] 
[HTTP] --> POST /wd/hub/session/8a7a99fa-5f49-4536-b380-a38221693898/element
[HTTP] {"using":"css selector","value":"input[type=\"email\"]"}
[W3C] Driver proxy active, passing request on via HTTP proxy
[debug] [JSONWP Proxy] Proxying [POST /wd/hub/session/8a7a99fa-5f49-4536-b380-a38221693898/element] to [POST http://127.0.0.1:8002/wd/hub/session/596442884e2d80399876d7974cddba0c/element] with body: {"using":"css selector","value":"input[type=\"email\"]"}
[debug] [JSONWP Proxy] Got response with status 200: {"sessionId":"596442884e2d80399876d7974cddba0c","status":7,"value":{"message":"no such element: Unable to locate element: {\"method\":\"css selector\",\"selector\":\"input[type=\"email\"]\"}\n  (Session info: chrome=66.0.3359.158)\n  (Driver info: chromedriver=2.38.552518 (183d19265345f54ce39cbb94cf81ba5f15905011),platform=Mac OS X 10.13.5 x86_64)"}}
[JSONWP Proxy] Replacing sessionId 596442884e2d80399876d7974cddba0c with 8a7a99fa-5f49-4536-b380-a38221693898
[HTTP] <-- POST /wd/hub/session/8a7a99fa-5f49-4536-b380-a38221693898/element 200 41 ms - 356
[HTTP] 
[DEBUG] 2018-06-20 11:13:06.967 [main] BeforeTestClass - AccountSettingsPage is opened at  2018-06-20 11:13:06
[HTTP] --> POST /wd/hub/session/8a7a99fa-5f49-4536-b380-a38221693898/url
[HTTP] {"url":"http://192.168.1.74:3000settings/"}
[W3C] Driver proxy active, passing request on via HTTP proxy
[debug] [JSONWP Proxy] Proxying [POST /wd/hub/session/8a7a99fa-5f49-4536-b380-a38221693898/url] to [POST http://127.0.0.1:8002/wd/hub/session/596442884e2d80399876d7974cddba0c/url] with body: {"url":"http://192.168.1.74:3000settings/"}
[debug] [JSONWP Proxy] Got response with status 200: {"sessionId":"596442884e2d80399876d7974cddba0c","status":13,"value":{"message":"unknown error: unhandled inspector error: {\"code\":-32000,\"message\":\"Cannot navigate to invalid URL\"}\n  (Session info: chrome=66.0.3359.158)\n  (Driver info: chromedriver=2.38.552518 (183d19265345f54ce39cbb94cf81ba5f15905011),platform=Mac OS X 10.13.5 x86_64)"}}
[JSONWP Proxy] Replacing sessionId 596442884e2d80399876d7974cddba0c with 8a7a99fa-5f49-4536-b380-a38221693898
[HTTP] <-- POST /wd/hub/session/8a7a99fa-5f49-4536-b380-a38221693898/url 200 18 ms - 352
[HTTP] 
[DEBUG] 2018-06-20 11:13:06.992 [main] BeforeTestClass - AccountSettingsPage is opened at  2018-06-20 11:13:06
[HTTP] --> POST /wd/hub/session/8a7a99fa-5f49-4536-b380-a38221693898/element
[HTTP] {"using":"css selector","value":"button.btn-danger:nth-of-type(2)"}
[W3C] Driver proxy active, passing request on via HTTP proxy
[debug] [JSONWP Proxy] Proxying [POST /wd/hub/session/8a7a99fa-5f49-4536-b380-a38221693898/element] to [POST http://127.0.0.1:8002/wd/hub/session/596442884e2d80399876d7974cddba0c/element] with body: {"using":"css selector","value":"button.btn-danger:nth-of-type(2)"}
[debug] [JSONWP Proxy] Got response with status 200: {"sessionId":"596442884e2d80399876d7974cddba0c","status":7,"value":{"message":"no such element: Unable to locate element: {\"method\":\"css selector\",\"selector\":\"button.btn-danger:nth-of-type(2)\"}\n  (Session info: chrome=66.0.3359.158)\n  (Driver info: chromedriver=2.38.552518 (183d19265345f54ce39cbb94cf81ba5f15905011),platform=Mac OS X 10.13.5 x86_64)"}}
[JSONWP Proxy] Replacing sessionId 596442884e2d80399876d7974cddba0c with 8a7a99fa-5f49-4536-b380-a38221693898
[HTTP] <-- POST /wd/hub/session/8a7a99fa-5f49-4536-b380-a38221693898/element 200 46 ms - 367
[HTTP] 
]]></system-out>
  </testcase>
</testsuite>