<?xml version="1.0" encoding="UTF-8"?>
<testsuite xmlns:xsi="http://www.w3.org/2001/XMLSchema-instance" xsi:noNamespaceSchemaLocation="https://maven.apache.org/surefire/maven-surefire-plugin/xsd/surefire-test-report.xsd" name="tests.SignUpTests" time="14.988" tests="2" errors="2" skipped="0" failures="0">
  <properties/>
  <testcase name="canSignUp" classname="tests.SignUpTests" time="10.881">
    <error message="Returned value cannot be converted to WebElement: {message=no such element: Unable to locate element: {&quot;method&quot;:&quot;css selector&quot;,&quot;selector&quot;:&quot;div.msglist-message&quot;}&#10;  (Session info: chrome=66.0.3359.158)&#10;  (Driver info: chromedriver=2.38.552518 (183d19265345f54ce39cbb94cf81ba5f15905011),platform=Mac OS X 10.13.5 x86_64)}&#10;Build info: version: &apos;3.12.0&apos;, revision: &apos;7c6e0b3&apos;, time: &apos;2018-05-08T14:04:26.12Z&apos;&#10;System info: host: &apos;MBP-Eugeniya.lan&apos;, ip: &apos;fe80:0:0:0:1497:42c3:5ae5:a0df%en0&apos;, os.name: &apos;Mac OS X&apos;, os.arch: &apos;x86_64&apos;, os.version: &apos;10.13.5&apos;, java.version: &apos;1.8.0_131&apos;&#10;Driver info: driver.version: AndroidDriver" type="org.openqa.selenium.WebDriverException">org.openqa.selenium.WebDriverException: 
Returned value cannot be converted to WebElement: {message=no such element: Unable to locate element: {"method":"css selector","selector":"div.msglist-message"}
  (Session info: chrome=66.0.3359.158)
  (Driver info: chromedriver=2.38.552518 (183d19265345f54ce39cbb94cf81ba5f15905011),platform=Mac OS X 10.13.5 x86_64)}
Build info: version: '3.12.0', revision: '7c6e0b3', time: '2018-05-08T14:04:26.12Z'
System info: host: 'MBP-Eugeniya.lan', ip: 'fe80:0:0:0:1497:42c3:5ae5:a0df%en0', os.name: 'Mac OS X', os.arch: 'x86_64', os.version: '10.13.5', java.version: '1.8.0_131'
Driver info: driver.version: AndroidDriver
	at tests.SignUpTests.canSignUp(SignUpTests.java:52)
Caused by: java.lang.ClassCastException: com.google.common.collect.Maps$TransformedEntriesMap cannot be cast to org.openqa.selenium.WebElement
	at tests.SignUpTests.canSignUp(SignUpTests.java:52)
</error>
    <system-out><![CDATA[[HTTP] --> POST /wd/hub/session/8a7a99fa-5f49-4536-b380-a38221693898/url
[HTTP] {"url":"http://192.168.1.74:3000"}
[W3C] Driver proxy active, passing request on via HTTP proxy
[debug] [JSONWP Proxy] Proxying [POST /wd/hub/session/8a7a99fa-5f49-4536-b380-a38221693898/url] to [POST http://127.0.0.1:8002/wd/hub/session/596442884e2d80399876d7974cddba0c/url] with body: {"url":"http://192.168.1.74:3000"}
[debug] [JSONWP Proxy] Got response with status 200: {"sessionId":"596442884e2d80399876d7974cddba0c","status":0,"value":null}
[JSONWP Proxy] Replacing sessionId 596442884e2d80399876d7974cddba0c with 8a7a99fa-5f49-4536-b380-a38221693898
[HTTP] <-- POST /wd/hub/session/8a7a99fa-5f49-4536-b380-a38221693898/url 200 1582 ms - 76
[HTTP] 
[HTTP] --> POST /wd/hub/session/8a7a99fa-5f49-4536-b380-a38221693898/url
[HTTP] {"url":"http://192.168.1.74:3000"}
[W3C] Driver proxy active, passing request on via HTTP proxy
[debug] [JSONWP Proxy] Proxying [POST /wd/hub/session/8a7a99fa-5f49-4536-b380-a38221693898/url] to [POST http://127.0.0.1:8002/wd/hub/session/596442884e2d80399876d7974cddba0c/url] with body: {"url":"http://192.168.1.74:3000"}
[debug] [JSONWP Proxy] Got response with status 200: {"sessionId":"596442884e2d80399876d7974cddba0c","status":0,"value":null}
[JSONWP Proxy] Replacing sessionId 596442884e2d80399876d7974cddba0c with 8a7a99fa-5f49-4536-b380-a38221693898
[HTTP] <-- POST /wd/hub/session/8a7a99fa-5f49-4536-b380-a38221693898/url 200 1861 ms - 76
[HTTP] 
[DEBUG] 2018-06-20 11:13:10.665 [main] BeforeTestClass - HomePage is opened at 2018-06-20 11:13:10
[HTTP] --> POST /wd/hub/session/8a7a99fa-5f49-4536-b380-a38221693898/element
[HTTP] {"using":"css selector","value":"a[href=\"/signin\"].btn-block"}
[W3C] Driver proxy active, passing request on via HTTP proxy
[debug] [JSONWP Proxy] Proxying [POST /wd/hub/session/8a7a99fa-5f49-4536-b380-a38221693898/element] to [POST http://127.0.0.1:8002/wd/hub/session/596442884e2d80399876d7974cddba0c/element] with body: {"using":"css selector","value":"a[href=\"/signin\"].btn-block"}
[debug] [JSONWP Proxy] Got response with status 200: {"sessionId":"596442884e2d80399876d7974cddba0c","status":0,"value":{"ELEMENT":"0.477016116261858-1"}}
[JSONWP Proxy] Replacing sessionId 596442884e2d80399876d7974cddba0c with 8a7a99fa-5f49-4536-b380-a38221693898
[HTTP] <-- POST /wd/hub/session/8a7a99fa-5f49-4536-b380-a38221693898/element 200 95 ms - 105
[HTTP] 
[HTTP] --> POST /wd/hub/session/8a7a99fa-5f49-4536-b380-a38221693898/element/0.477016116261858-1/click
[HTTP] {"id":"0.477016116261858-1"}
[W3C] Driver proxy active, passing request on via HTTP proxy
[debug] [JSONWP Proxy] Proxying [POST /wd/hub/session/8a7a99fa-5f49-4536-b380-a38221693898/element/0.477016116261858-1/click] to [POST http://127.0.0.1:8002/wd/hub/session/596442884e2d80399876d7974cddba0c/element/0.477016116261858-1/click] with body: {"id":"0.477016116261858-1"}
[debug] [JSONWP Proxy] Got response with status 200: {"sessionId":"596442884e2d80399876d7974cddba0c","status":0,"value":null}
[JSONWP Proxy] Replacing sessionId 596442884e2d80399876d7974cddba0c with 8a7a99fa-5f49-4536-b380-a38221693898
[HTTP] <-- POST /wd/hub/session/8a7a99fa-5f49-4536-b380-a38221693898/element/0.477016116261858-1/click 200 2013 ms - 76
[HTTP] 
[HTTP] --> POST /wd/hub/session/8a7a99fa-5f49-4536-b380-a38221693898/element
[HTTP] {"using":"css selector","value":"input[type=\"email\"]"}
[W3C] Driver proxy active, passing request on via HTTP proxy
[debug] [JSONWP Proxy] Proxying [POST /wd/hub/session/8a7a99fa-5f49-4536-b380-a38221693898/element] to [POST http://127.0.0.1:8002/wd/hub/session/596442884e2d80399876d7974cddba0c/element] with body: {"using":"css selector","value":"input[type=\"email\"]"}
[debug] [JSONWP Proxy] Got response with status 200: {"sessionId":"596442884e2d80399876d7974cddba0c","status":0,"value":{"ELEMENT":"0.6126821766811401-1"}}
[JSONWP Proxy] Replacing sessionId 596442884e2d80399876d7974cddba0c with 8a7a99fa-5f49-4536-b380-a38221693898
[HTTP] <-- POST /wd/hub/session/8a7a99fa-5f49-4536-b380-a38221693898/element 200 289 ms - 106
[HTTP] 
[HTTP] --> POST /wd/hub/session/8a7a99fa-5f49-4536-b380-a38221693898/element/0.6126821766811401-1/clear
[HTTP] {"id":"0.6126821766811401-1"}
[W3C] Driver proxy active, passing request on via HTTP proxy
[debug] [JSONWP Proxy] Proxying [POST /wd/hub/session/8a7a99fa-5f49-4536-b380-a38221693898/element/0.6126821766811401-1/clear] to [POST http://127.0.0.1:8002/wd/hub/session/596442884e2d80399876d7974cddba0c/element/0.6126821766811401-1/clear] with body: {"id":"0.6126821766811401-1"}
[debug] [JSONWP Proxy] Got response with status 200: {"sessionId":"596442884e2d80399876d7974cddba0c","status":0,"value":null}
[JSONWP Proxy] Replacing sessionId 596442884e2d80399876d7974cddba0c with 8a7a99fa-5f49-4536-b380-a38221693898
[HTTP] <-- POST /wd/hub/session/8a7a99fa-5f49-4536-b380-a38221693898/element/0.6126821766811401-1/clear 200 122 ms - 76
[HTTP] 
[HTTP] --> POST /wd/hub/session/8a7a99fa-5f49-4536-b380-a38221693898/element
[HTTP] {"using":"css selector","value":"input[type=\"email\"]"}
[W3C] Driver proxy active, passing request on via HTTP proxy
[debug] [JSONWP Proxy] Proxying [POST /wd/hub/session/8a7a99fa-5f49-4536-b380-a38221693898/element] to [POST http://127.0.0.1:8002/wd/hub/session/596442884e2d80399876d7974cddba0c/element] with body: {"using":"css selector","value":"input[type=\"email\"]"}
[debug] [JSONWP Proxy] Got response with status 200: {"sessionId":"596442884e2d80399876d7974cddba0c","status":0,"value":{"ELEMENT":"0.6126821766811401-1"}}
[JSONWP Proxy] Replacing sessionId 596442884e2d80399876d7974cddba0c with 8a7a99fa-5f49-4536-b380-a38221693898
[HTTP] <-- POST /wd/hub/session/8a7a99fa-5f49-4536-b380-a38221693898/element 200 88 ms - 106
[HTTP] 
[HTTP] --> POST /wd/hub/session/8a7a99fa-5f49-4536-b380-a38221693898/element/0.6126821766811401-1/value
[HTTP] {"id":"0.6126821766811401-1","text":"mN1ZFsNg1U@mail.com","value":["m","N","1","Z","F","s","N","g","1","U","@","m","a","i","l",".","c","o","m"]}
[W3C] Driver proxy active, passing request on via HTTP proxy
[debug] [JSONWP Proxy] Proxying [POST /wd/hub/session/8a7a99fa-5f49-4536-b380-a38221693898/element/0.6126821766811401-1/value] to [POST http://127.0.0.1:8002/wd/hub/session/596442884e2d80399876d7974cddba0c/element/0.6126821766811401-1/value] with body: {"id":"0.6126821766811401-1","text":"mN1ZFsNg1U@mail.com","value":["m","N","1","Z","F","s","N","g","1","U","@","m","a","i","l",".","c","o","m"]}
[debug] [JSONWP Proxy] Got response with status 200: {"sessionId":"596442884e2d80399876d7974cddba0c","status":0,"value":null}
[JSONWP Proxy] Replacing sessionId 596442884e2d80399876d7974cddba0c with 8a7a99fa-5f49-4536-b380-a38221693898
[HTTP] <-- POST /wd/hub/session/8a7a99fa-5f49-4536-b380-a38221693898/element/0.6126821766811401-1/value 200 2380 ms - 76
[HTTP] 
[HTTP] --> POST /wd/hub/session/8a7a99fa-5f49-4536-b380-a38221693898/element
[HTTP] {"using":"id","value":"magic-btn"}
[W3C] Driver proxy active, passing request on via HTTP proxy
[debug] [JSONWP Proxy] Proxying [POST /wd/hub/session/8a7a99fa-5f49-4536-b380-a38221693898/element] to [POST http://127.0.0.1:8002/wd/hub/session/596442884e2d80399876d7974cddba0c/element] with body: {"using":"id","value":"magic-btn"}
[debug] [JSONWP Proxy] Got response with status 200: {"sessionId":"596442884e2d80399876d7974cddba0c","status":0,"value":{"ELEMENT":"0.6126821766811401-2"}}
[JSONWP Proxy] Replacing sessionId 596442884e2d80399876d7974cddba0c with 8a7a99fa-5f49-4536-b380-a38221693898
[HTTP] <-- POST /wd/hub/session/8a7a99fa-5f49-4536-b380-a38221693898/element 200 65 ms - 106
[HTTP] 
[HTTP] --> POST /wd/hub/session/8a7a99fa-5f49-4536-b380-a38221693898/element/0.6126821766811401-2/click
[HTTP] {"id":"0.6126821766811401-2"}
[W3C] Driver proxy active, passing request on via HTTP proxy
[debug] [JSONWP Proxy] Proxying [POST /wd/hub/session/8a7a99fa-5f49-4536-b380-a38221693898/element/0.6126821766811401-2/click] to [POST http://127.0.0.1:8002/wd/hub/session/596442884e2d80399876d7974cddba0c/element/0.6126821766811401-2/click] with body: {"id":"0.6126821766811401-2"}
[debug] [JSONWP Proxy] Got response with status 200: {"sessionId":"596442884e2d80399876d7974cddba0c","status":0,"value":null}
[JSONWP Proxy] Replacing sessionId 596442884e2d80399876d7974cddba0c with 8a7a99fa-5f49-4536-b380-a38221693898
[HTTP] <-- POST /wd/hub/session/8a7a99fa-5f49-4536-b380-a38221693898/element/0.6126821766811401-2/click 200 319 ms - 76
[HTTP] 
[HTTP] --> POST /wd/hub/session/8a7a99fa-5f49-4536-b380-a38221693898/element
[HTTP] {"using":"id","value":"flash-content"}
[W3C] Driver proxy active, passing request on via HTTP proxy
[debug] [JSONWP Proxy] Proxying [POST /wd/hub/session/8a7a99fa-5f49-4536-b380-a38221693898/element] to [POST http://127.0.0.1:8002/wd/hub/session/596442884e2d80399876d7974cddba0c/element] with body: {"using":"id","value":"flash-content"}
[debug] [JSONWP Proxy] Got response with status 200: {"sessionId":"596442884e2d80399876d7974cddba0c","status":0,"value":{"ELEMENT":"0.6126821766811401-3"}}
[JSONWP Proxy] Replacing sessionId 596442884e2d80399876d7974cddba0c with 8a7a99fa-5f49-4536-b380-a38221693898
[HTTP] <-- POST /wd/hub/session/8a7a99fa-5f49-4536-b380-a38221693898/element 200 239 ms - 106
[HTTP] 
[HTTP] --> GET /wd/hub/session/8a7a99fa-5f49-4536-b380-a38221693898/element/0.6126821766811401-3/displayed
[HTTP] {}
[W3C] Driver proxy active, passing request on via HTTP proxy
[debug] [JSONWP Proxy] Proxying [GET /wd/hub/session/8a7a99fa-5f49-4536-b380-a38221693898/element/0.6126821766811401-3/displayed] to [GET http://127.0.0.1:8002/wd/hub/session/596442884e2d80399876d7974cddba0c/element/0.6126821766811401-3/displayed] with body: {}
[debug] [JSONWP Proxy] Got response with status 200: "{\"sessionId\":\"596442884e2d80399876d7974cddba0c\",\"status\":0,\"value\":true}"
[JSONWP Proxy] Replacing sessionId 596442884e2d80399876d7974cddba0c with 8a7a99fa-5f49-4536-b380-a38221693898
[HTTP] <-- GET /wd/hub/session/8a7a99fa-5f49-4536-b380-a38221693898/element/0.6126821766811401-3/displayed 200 82 ms - 76
[HTTP] 
[HTTP] --> POST /wd/hub/session/8a7a99fa-5f49-4536-b380-a38221693898/element
[HTTP] {"using":"id","value":"flash-content"}
[W3C] Driver proxy active, passing request on via HTTP proxy
[debug] [JSONWP Proxy] Proxying [POST /wd/hub/session/8a7a99fa-5f49-4536-b380-a38221693898/element] to [POST http://127.0.0.1:8002/wd/hub/session/596442884e2d80399876d7974cddba0c/element] with body: {"using":"id","value":"flash-content"}
[debug] [JSONWP Proxy] Got response with status 200: {"sessionId":"596442884e2d80399876d7974cddba0c","status":0,"value":{"ELEMENT":"0.6126821766811401-3"}}
[JSONWP Proxy] Replacing sessionId 596442884e2d80399876d7974cddba0c with 8a7a99fa-5f49-4536-b380-a38221693898
[HTTP] <-- POST /wd/hub/session/8a7a99fa-5f49-4536-b380-a38221693898/element 200 112 ms - 106
[HTTP] 
[HTTP] --> GET /wd/hub/session/8a7a99fa-5f49-4536-b380-a38221693898/element/0.6126821766811401-3/text
[HTTP] {}
[W3C] Driver proxy active, passing request on via HTTP proxy
[debug] [JSONWP Proxy] Proxying [GET /wd/hub/session/8a7a99fa-5f49-4536-b380-a38221693898/element/0.6126821766811401-3/text] to [GET http://127.0.0.1:8002/wd/hub/session/596442884e2d80399876d7974cddba0c/element/0.6126821766811401-3/text] with body: {}
[debug] [JSONWP Proxy] Got response with status 200: "{\"sessionId\":\"596442884e2d80399876d7974cddba0c\",\"status\":0,\"value\":\"We've created a new account for you. If you entered a valid email, a magic link is on its way. Please follow that link to sign in.\"}"
[JSONWP Proxy] Replacing sessionId 596442884e2d80399876d7974cddba0c with 8a7a99fa-5f49-4536-b380-a38221693898
[HTTP] <-- GET /wd/hub/session/8a7a99fa-5f49-4536-b380-a38221693898/element/0.6126821766811401-3/text 200 94 ms - 204
[HTTP] 
[HTTP] --> POST /wd/hub/session/8a7a99fa-5f49-4536-b380-a38221693898/execute/sync
[HTTP] {"script":"window.open('http://0.0.0.0:8025');","args":[]}
[W3C] Driver proxy active, passing request on via HTTP proxy
[debug] [JSONWP Proxy] Proxying [POST /wd/hub/session/8a7a99fa-5f49-4536-b380-a38221693898/execute/sync] to [POST http://127.0.0.1:8002/wd/hub/session/596442884e2d80399876d7974cddba0c/execute/sync] with body: {"script":"window.open('http://0.0.0.0:8025');","args":[]}
[debug] [JSONWP Proxy] Got response with status 200: {"sessionId":"596442884e2d80399876d7974cddba0c","status":0,"value":null}
[JSONWP Proxy] Replacing sessionId 596442884e2d80399876d7974cddba0c with 8a7a99fa-5f49-4536-b380-a38221693898
[HTTP] <-- POST /wd/hub/session/8a7a99fa-5f49-4536-b380-a38221693898/execute/sync 200 371 ms - 76
[HTTP] 
[HTTP] --> GET /wd/hub/session/8a7a99fa-5f49-4536-b380-a38221693898/window/handles
[HTTP] {}
[W3C] Driver proxy active, passing request on via HTTP proxy
[debug] [JSONWP Proxy] Proxying [GET /wd/hub/session/8a7a99fa-5f49-4536-b380-a38221693898/window/handles] to [GET http://127.0.0.1:8002/wd/hub/session/596442884e2d80399876d7974cddba0c/window/handles] with body: {}
[debug] [JSONWP Proxy] Got response with status 200: "{\"sessionId\":\"596442884e2d80399876d7974cddba0c\",\"status\":0,\"value\":[\"CDwindow-0\",\"CDwindow-1\"]}"
[JSONWP Proxy] Replacing sessionId 596442884e2d80399876d7974cddba0c with 8a7a99fa-5f49-4536-b380-a38221693898
[HTTP] <-- GET /wd/hub/session/8a7a99fa-5f49-4536-b380-a38221693898/window/handles 200 17 ms - 99
[HTTP] 
[HTTP] --> POST /wd/hub/session/8a7a99fa-5f49-4536-b380-a38221693898/window
[HTTP] {"handle":"CDwindow-1"}
[W3C] Driver proxy active, passing request on via HTTP proxy
[debug] [JSONWP Proxy] Proxying [POST /wd/hub/session/8a7a99fa-5f49-4536-b380-a38221693898/window] to [POST http://127.0.0.1:8002/wd/hub/session/596442884e2d80399876d7974cddba0c/window] with body: {"handle":"CDwindow-1"}
[debug] [JSONWP Proxy] Got response with status 200: {"sessionId":"596442884e2d80399876d7974cddba0c","status":13,"value":{"message":"unknown error: 'name' must be a string\n  (Session info: chrome=66.0.3359.158)\n  (Driver info: chromedriver=2.38.552518 (183d19265345f54ce39cbb94cf81ba5f15905011),platform=Mac OS X 10.13.5 x86_64)"}}
[JSONWP Proxy] Replacing sessionId 596442884e2d80399876d7974cddba0c with 8a7a99fa-5f49-4536-b380-a38221693898
[HTTP] <-- POST /wd/hub/session/8a7a99fa-5f49-4536-b380-a38221693898/window 200 10 ms - 284
[HTTP] 
[HTTP] --> POST /wd/hub/session/8a7a99fa-5f49-4536-b380-a38221693898/element
[HTTP] {"using":"css selector","value":"div.msglist-message"}
[W3C] Driver proxy active, passing request on via HTTP proxy
[debug] [JSONWP Proxy] Proxying [POST /wd/hub/session/8a7a99fa-5f49-4536-b380-a38221693898/element] to [POST http://127.0.0.1:8002/wd/hub/session/596442884e2d80399876d7974cddba0c/element] with body: {"using":"css selector","value":"div.msglist-message"}
[debug] [JSONWP Proxy] Got response with status 200: {"sessionId":"596442884e2d80399876d7974cddba0c","status":7,"value":{"message":"no such element: Unable to locate element: {\"method\":\"css selector\",\"selector\":\"div.msglist-message\"}\n  (Session info: chrome=66.0.3359.158)\n  (Driver info: chromedriver=2.38.552518 (183d19265345f54ce39cbb94cf81ba5f15905011),platform=Mac OS X 10.13.5 x86_64)"}}
[JSONWP Proxy] Replacing sessionId 596442884e2d80399876d7974cddba0c with 8a7a99fa-5f49-4536-b380-a38221693898
[HTTP] <-- POST /wd/hub/session/8a7a99fa-5f49-4536-b380-a38221693898/element 200 105 ms - 354
[HTTP] 
[DEBUG] 2018-06-20 11:13:19.246 [main] BeforeTestClass - AccountSettingsPage is opened at  2018-06-20 11:13:19
[HTTP] --> POST /wd/hub/session/8a7a99fa-5f49-4536-b380-a38221693898/url
[HTTP] {"url":"http://192.168.1.74:3000settings/"}
[W3C] Driver proxy active, passing request on via HTTP proxy
[debug] [JSONWP Proxy] Proxying [POST /wd/hub/session/8a7a99fa-5f49-4536-b380-a38221693898/url] to [POST http://127.0.0.1:8002/wd/hub/session/596442884e2d80399876d7974cddba0c/url] with body: {"url":"http://192.168.1.74:3000settings/"}
[debug] [JSONWP Proxy] Got response with status 200: {"sessionId":"596442884e2d80399876d7974cddba0c","status":13,"value":{"message":"unknown error: unhandled inspector error: {\"code\":-32000,\"message\":\"Cannot navigate to invalid URL\"}\n  (Session info: chrome=66.0.3359.158)\n  (Driver info: chromedriver=2.38.552518 (183d19265345f54ce39cbb94cf81ba5f15905011),platform=Mac OS X 10.13.5 x86_64)"}}
[JSONWP Proxy] Replacing sessionId 596442884e2d80399876d7974cddba0c with 8a7a99fa-5f49-4536-b380-a38221693898
[HTTP] <-- POST /wd/hub/session/8a7a99fa-5f49-4536-b380-a38221693898/url 200 66 ms - 352
[HTTP] 
[DEBUG] 2018-06-20 11:13:19.320 [main] BeforeTestClass - AccountSettingsPage is opened at  2018-06-20 11:13:19
[HTTP] --> POST /wd/hub/session/8a7a99fa-5f49-4536-b380-a38221693898/element
[HTTP] {"using":"css selector","value":"button.btn-danger:nth-of-type(2)"}
[W3C] Driver proxy active, passing request on via HTTP proxy
[debug] [JSONWP Proxy] Proxying [POST /wd/hub/session/8a7a99fa-5f49-4536-b380-a38221693898/element] to [POST http://127.0.0.1:8002/wd/hub/session/596442884e2d80399876d7974cddba0c/element] with body: {"using":"css selector","value":"button.btn-danger:nth-of-type(2)"}
[debug] [JSONWP Proxy] Got response with status 200: {"sessionId":"596442884e2d80399876d7974cddba0c","status":7,"value":{"message":"no such element: Unable to locate element: {\"method\":\"css selector\",\"selector\":\"button.btn-danger:nth-of-type(2)\"}\n  (Session info: chrome=66.0.3359.158)\n  (Driver info: chromedriver=2.38.552518 (183d19265345f54ce39cbb94cf81ba5f15905011),platform=Mac OS X 10.13.5 x86_64)"}}
[JSONWP Proxy] Replacing sessionId 596442884e2d80399876d7974cddba0c with 8a7a99fa-5f49-4536-b380-a38221693898
[HTTP] <-- POST /wd/hub/session/8a7a99fa-5f49-4536-b380-a38221693898/element 200 145 ms - 367
[HTTP] 
]]></system-out>
  </testcase>
  <testcase name="tests.SignUpTests" classname="tests.SignUpTests" time="13.336">
    <error message="Returned value cannot be converted to WebElement: {message=no such element: Unable to locate element: {&quot;method&quot;:&quot;css selector&quot;,&quot;selector&quot;:&quot;a[ng-click=&quot;deleteAll()&quot;]&quot;}&#10;  (Session info: chrome=66.0.3359.158)&#10;  (Driver info: chromedriver=2.38.552518 (183d19265345f54ce39cbb94cf81ba5f15905011),platform=Mac OS X 10.13.5 x86_64)}&#10;Build info: version: &apos;3.12.0&apos;, revision: &apos;7c6e0b3&apos;, time: &apos;2018-05-08T14:04:26.12Z&apos;&#10;System info: host: &apos;MBP-Eugeniya.lan&apos;, ip: &apos;fe80:0:0:0:1497:42c3:5ae5:a0df%en0&apos;, os.name: &apos;Mac OS X&apos;, os.arch: &apos;x86_64&apos;, os.version: &apos;10.13.5&apos;, java.version: &apos;1.8.0_131&apos;&#10;Driver info: driver.version: AndroidDriver" type="org.openqa.selenium.WebDriverException">org.openqa.selenium.WebDriverException: 
Returned value cannot be converted to WebElement: {message=no such element: Unable to locate element: {"method":"css selector","selector":"a[ng-click="deleteAll()"]"}
  (Session info: chrome=66.0.3359.158)
  (Driver info: chromedriver=2.38.552518 (183d19265345f54ce39cbb94cf81ba5f15905011),platform=Mac OS X 10.13.5 x86_64)}
Build info: version: '3.12.0', revision: '7c6e0b3', time: '2018-05-08T14:04:26.12Z'
System info: host: 'MBP-Eugeniya.lan', ip: 'fe80:0:0:0:1497:42c3:5ae5:a0df%en0', os.name: 'Mac OS X', os.arch: 'x86_64', os.version: '10.13.5', java.version: '1.8.0_131'
Driver info: driver.version: AndroidDriver
	at tests.SignUpTests.afterClassCleanUp(SignUpTests.java:65)
Caused by: java.lang.ClassCastException: com.google.common.collect.Maps$TransformedEntriesMap cannot be cast to org.openqa.selenium.WebElement
	at tests.SignUpTests.afterClassCleanUp(SignUpTests.java:65)
</error>
    <system-out><![CDATA[[HTTP] --> POST /wd/hub/session/8a7a99fa-5f49-4536-b380-a38221693898/execute/sync
[HTTP] {"script":"window.open('http://0.0.0.0:8025');","args":[]}
[W3C] Driver proxy active, passing request on via HTTP proxy
[debug] [JSONWP Proxy] Proxying [POST /wd/hub/session/8a7a99fa-5f49-4536-b380-a38221693898/execute/sync] to [POST http://127.0.0.1:8002/wd/hub/session/596442884e2d80399876d7974cddba0c/execute/sync] with body: {"script":"window.open('http://0.0.0.0:8025');","args":[]}
[debug] [JSONWP Proxy] Got response with status 200: {"sessionId":"596442884e2d80399876d7974cddba0c","status":0,"value":null}
[JSONWP Proxy] Replacing sessionId 596442884e2d80399876d7974cddba0c with 8a7a99fa-5f49-4536-b380-a38221693898
[HTTP] <-- POST /wd/hub/session/8a7a99fa-5f49-4536-b380-a38221693898/execute/sync 200 236 ms - 76
[HTTP] 
[HTTP] --> GET /wd/hub/session/8a7a99fa-5f49-4536-b380-a38221693898/window/handles
[HTTP] {}
[W3C] Driver proxy active, passing request on via HTTP proxy
[debug] [JSONWP Proxy] Proxying [GET /wd/hub/session/8a7a99fa-5f49-4536-b380-a38221693898/window/handles] to [GET http://127.0.0.1:8002/wd/hub/session/596442884e2d80399876d7974cddba0c/window/handles] with body: {}
[debug] [JSONWP Proxy] Got response with status 200: "{\"sessionId\":\"596442884e2d80399876d7974cddba0c\",\"status\":0,\"value\":[\"CDwindow-0\",\"CDwindow-1\",\"CDwindow-2\"]}"
[JSONWP Proxy] Replacing sessionId 596442884e2d80399876d7974cddba0c with 8a7a99fa-5f49-4536-b380-a38221693898
[HTTP] <-- GET /wd/hub/session/8a7a99fa-5f49-4536-b380-a38221693898/window/handles 200 41 ms - 112
[HTTP] 
[HTTP] --> POST /wd/hub/session/8a7a99fa-5f49-4536-b380-a38221693898/window
[HTTP] {"handle":"CDwindow-2"}
[W3C] Driver proxy active, passing request on via HTTP proxy
[debug] [JSONWP Proxy] Proxying [POST /wd/hub/session/8a7a99fa-5f49-4536-b380-a38221693898/window] to [POST http://127.0.0.1:8002/wd/hub/session/596442884e2d80399876d7974cddba0c/window] with body: {"handle":"CDwindow-2"}
[debug] [JSONWP Proxy] Got response with status 200: {"sessionId":"596442884e2d80399876d7974cddba0c","status":13,"value":{"message":"unknown error: 'name' must be a string\n  (Session info: chrome=66.0.3359.158)\n  (Driver info: chromedriver=2.38.552518 (183d19265345f54ce39cbb94cf81ba5f15905011),platform=Mac OS X 10.13.5 x86_64)"}}
[JSONWP Proxy] Replacing sessionId 596442884e2d80399876d7974cddba0c with 8a7a99fa-5f49-4536-b380-a38221693898
[HTTP] <-- POST /wd/hub/session/8a7a99fa-5f49-4536-b380-a38221693898/window 200 20 ms - 284
[HTTP] 
[HTTP] --> POST /wd/hub/session/8a7a99fa-5f49-4536-b380-a38221693898/element
[HTTP] {"using":"css selector","value":"a[ng-click=\"deleteAll()\"]"}
[W3C] Driver proxy active, passing request on via HTTP proxy
[debug] [JSONWP Proxy] Proxying [POST /wd/hub/session/8a7a99fa-5f49-4536-b380-a38221693898/element] to [POST http://127.0.0.1:8002/wd/hub/session/596442884e2d80399876d7974cddba0c/element] with body: {"using":"css selector","value":"a[ng-click=\"deleteAll()\"]"}
[debug] [JSONWP Proxy] Got response with status 200: {"sessionId":"596442884e2d80399876d7974cddba0c","status":7,"value":{"message":"no such element: Unable to locate element: {\"method\":\"css selector\",\"selector\":\"a[ng-click=\"deleteAll()\"]\"}\n  (Session info: chrome=66.0.3359.158)\n  (Driver info: chromedriver=2.38.552518 (183d19265345f54ce39cbb94cf81ba5f15905011),platform=Mac OS X 10.13.5 x86_64)"}}
[JSONWP Proxy] Replacing sessionId 596442884e2d80399876d7974cddba0c with 8a7a99fa-5f49-4536-b380-a38221693898
[HTTP] <-- POST /wd/hub/session/8a7a99fa-5f49-4536-b380-a38221693898/element 200 105 ms - 362
[HTTP] 
]]></system-out>
  </testcase>
</testsuite>